<?xml version="1.0" encoding="UTF-8"?>
<!-- Generated by org.testng.reporters.JUnitXMLReporter -->
<testsuite hostname="WIB-DES-00567" ignored="0" name="Functional Test" tests="4" failures="0" timestamp="07 Aug 2018 09:05:03 GMT" time="4.732" errors="0">
  <testcase name="TC_001" time="3.098" classname="com.wibmo.LoginAPI.tests.TC_001"/>
  <testcase name="TC_002" time="0.515" classname="com.wibmo.LoginAPI.tests.TC_002"/>
  <testcase name="TC_002" time="0.61" classname="com.wibmo.LoginAPI.tests.TC_003"/>
  <testcase name="TC_004" time="0.483" classname="com.wibmo.LoginAPI.tests.TC_004"/>
</testsuite> <!-- Functional Test -->
