<?xml version="1.0" encoding="UTF-8"?>
<!-- Generated by org.testng.reporters.JUnitXMLReporter -->
<testsuite hostname="Prathyush-PC" ignored="0" name="test 3" tests="1" failures="1" timestamp="30 Jan 2019 14:28:10 GMT" time="17.564" errors="0">
  <testcase name="IAPV2_001" time="17.486" classname="com.wibmo.IAPV2.tests.IAPV2_001">
    <failure type="java.lang.AssertionError" message="expected [50020] but found [null]">
      <![CDATA[java.lang.AssertionError: expected [50020] but found [null]
	at com.wibmo.IAPV2.tests.IAPV2_001.IAPV2_001(IAPV2_001.java:46)
	at java.util.concurrent.FutureTask.run(Unknown Source)
	at java.util.concurrent.ThreadPoolExecutor.runWorker(Unknown Source)
	at java.util.concurrent.ThreadPoolExecutor$Worker.run(Unknown Source)
	at java.lang.Thread.run(Unknown Source)
... Removed 22 stack frames]]>
    </failure>
  </testcase> <!-- IAPV2_001 -->
</testsuite> <!-- test 3 -->
