<?xml version="1.0" encoding="UTF-8"?>
<!-- Generated by org.testng.reporters.JUnitXMLReporter -->
<testsuite hostname="WIB-DES-00567" ignored="2" name="Application test" tests="4" failures="0" timestamp="11 Sep 2017 05:15:01 GMT" time="0.026" errors="0">
  <testcase name="testMethod1" time="0.003" classname="Regression.TestNG_Class1"/>
  <testcase name="testMethod2" time="0.001" classname="Regression.TestNG_Class1"/>
  <testcase name="testMethod1" time="0.003" classname="Regression.TestNG_Class2"/>
  <testcase name="testMethod2" time="0.001" classname="Regression.TestNG_Class2"/>
  <testcase name="@AfterSuite afterSuite" time="0.0" classname="Base.BaseTestSuite">
    <ignored/>
  </testcase> <!-- @AfterSuite afterSuite -->
  <testcase name="@BeforeSuite beforeSuite" time="0.0" classname="Base.BaseTestSuite">
    <ignored/>
  </testcase> <!-- @BeforeSuite beforeSuite -->
</testsuite> <!-- Application test -->
