<?xml version="1.0" encoding="UTF-8"?>
<!-- Generated by org.testng.reporters.JUnitXMLReporter -->
<testsuite hostname="WIB-DES-00121" ignored="0" name="Test2" tests="1" failures="1" timestamp="23 Oct 2018 05:02:15 GMT" time="15.152" errors="0">
  <testcase name="@AfterTest closeBrowser" time="0.473" classname="SearchTestCases.BaseClass">
    <failure type="org.openqa.selenium.SessionNotCreatedException" message="Tried to run command without establishing a connection
Build info: version: &amp;apos;unknown&amp;apos;, revision: &amp;apos;unknown&amp;apos;, time: &amp;apos;unknown&amp;apos;
System info: host: &amp;apos;WIB-DES-00121&amp;apos;, ip: &amp;apos;172.31.11.155&amp;apos;, os.name: &amp;apos;Windows 10&amp;apos;, os.arch: &amp;apos;amd64&amp;apos;, os.version: &amp;apos;10.0&amp;apos;, java.version: &amp;apos;1.8.0_181&amp;apos;
Driver info: org.openqa.selenium.firefox.FirefoxDriver
Capabilities [{moz:profile=C:\Users\PRATHY~1.PAR\AppData\Local\Temp\rust_mozprofile.1KRKNFCyAayP, rotatable=false, timeouts={implicit=0.0, pageLoad=300000.0, script=30000.0}, pageLoadStrategy=normal, platform=ANY, specificationLevel=0.0, moz:accessibilityChecks=false, acceptInsecureCerts=false, browserVersion=54.0.1, platformVersion=10.0, moz:processID=8208.0, browserName=firefox, javascriptEnabled=true, platformName=windows_nt}]
Session ID: 12d47e5d-3934-41af-aca8-75384f66ac54">
      <![CDATA[org.openqa.selenium.SessionNotCreatedException: Tried to run command without establishing a connection
Build info: version: 'unknown', revision: 'unknown', time: 'unknown'
System info: host: 'WIB-DES-00121', ip: '172.31.11.155', os.name: 'Windows 10', os.arch: 'amd64', os.version: '10.0', java.version: '1.8.0_181'
Driver info: org.openqa.selenium.firefox.FirefoxDriver
Capabilities [{moz:profile=C:\Users\PRATHY~1.PAR\AppData\Local\Temp\rust_mozprofile.1KRKNFCyAayP, rotatable=false, timeouts={implicit=0.0, pageLoad=300000.0, script=30000.0}, pageLoadStrategy=normal, platform=ANY, specificationLevel=0.0, moz:accessibilityChecks=false, acceptInsecureCerts=false, browserVersion=54.0.1, platformVersion=10.0, moz:processID=8208.0, browserName=firefox, javascriptEnabled=true, platformName=windows_nt}]
Session ID: 12d47e5d-3934-41af-aca8-75384f66ac54
at org.openqa.selenium.remote.http.W3CHttpResponseCodec.createException(W3CHttpResponseCodec.java:150)
at org.openqa.selenium.remote.http.W3CHttpResponseCodec.decode(W3CHttpResponseCodec.java:115)
at org.openqa.selenium.remote.http.W3CHttpResponseCodec.decode(W3CHttpResponseCodec.java:45)
at org.openqa.selenium.remote.HttpCommandExecutor.execute(HttpCommandExecutor.java:164)
at org.openqa.selenium.remote.service.DriverCommandExecutor.execute(DriverCommandExecutor.java:82)
at org.openqa.selenium.remote.RemoteWebDriver.execute(RemoteWebDriver.java:637)
at org.openqa.selenium.remote.RemoteWebDriver.execute(RemoteWebDriver.java:694)
at org.openqa.selenium.remote.RemoteWebDriver.quit(RemoteWebDriver.java:533)
at SearchTestCases.BaseClass.closeBrowser(BaseClass.java:184)
... Removed 28 stack frames]]>
    </failure>
  </testcase> <!-- @AfterTest closeBrowser -->
  <testcase name="SRCH_002" time="3.277" classname="SearchTestCases.SRCH_002">
    <failure type="java.lang.NumberFormatException" message="For input string: &amp;quot;230.99 to 277.99&amp;quot;">
      <![CDATA[java.lang.NumberFormatException: For input string: "230.99 to 277.99"
at sun.misc.FloatingDecimal.readJavaFormatString(Unknown Source)
at sun.misc.FloatingDecimal.parseDouble(Unknown Source)
at java.lang.Double.parseDouble(Unknown Source)
at com.webpage.object.SearchPage.validateSorting(SearchPage.java:121)
at SearchTestCases.SRCH_002.SRCH_002(SRCH_002.java:31)
... Removed 25 stack frames]]>
    </failure>
  </testcase> <!-- SRCH_002 -->
</testsuite> <!-- Test2 -->
