<?xml version="1.0" encoding="UTF-8"?>
<!-- Generated by org.testng.reporters.JUnitXMLReporter -->
<testsuite hostname="WIB-DES-00121" ignored="0" name="Test" tests="1" failures="0" timestamp="31 Oct 2018 07:36:00 GMT" time="17.481" errors="0">
  <testcase name="@AfterTest closeBrowser" time="0.568" classname="SearchTestCases.BaseClass">
    <failure type="org.openqa.selenium.SessionNotCreatedException" message="Tried to run command without establishing a connection
Build info: version: &amp;apos;unknown&amp;apos;, revision: &amp;apos;unknown&amp;apos;, time: &amp;apos;unknown&amp;apos;
System info: host: &amp;apos;WIB-DES-00121&amp;apos;, ip: &amp;apos;172.31.11.155&amp;apos;, os.name: &amp;apos;Windows 10&amp;apos;, os.arch: &amp;apos;amd64&amp;apos;, os.version: &amp;apos;10.0&amp;apos;, java.version: &amp;apos;1.8.0_181&amp;apos;
Driver info: org.openqa.selenium.firefox.FirefoxDriver
Capabilities [{moz:profile=C:\Users\PRATHY~1.PAR\AppData\Local\Temp\rust_mozprofile.DmI0qCBojjUc, rotatable=false, timeouts={implicit=0.0, pageLoad=300000.0, script=30000.0}, pageLoadStrategy=normal, platform=ANY, specificationLevel=0.0, moz:accessibilityChecks=false, acceptInsecureCerts=false, browserVersion=54.0.1, platformVersion=10.0, moz:processID=12120.0, browserName=firefox, javascriptEnabled=true, platformName=windows_nt}]
Session ID: 4d886c0d-2cdd-42b7-8747-8cb897bf8c65">
      <![CDATA[org.openqa.selenium.SessionNotCreatedException: Tried to run command without establishing a connection
Build info: version: 'unknown', revision: 'unknown', time: 'unknown'
System info: host: 'WIB-DES-00121', ip: '172.31.11.155', os.name: 'Windows 10', os.arch: 'amd64', os.version: '10.0', java.version: '1.8.0_181'
Driver info: org.openqa.selenium.firefox.FirefoxDriver
Capabilities [{moz:profile=C:\Users\PRATHY~1.PAR\AppData\Local\Temp\rust_mozprofile.DmI0qCBojjUc, rotatable=false, timeouts={implicit=0.0, pageLoad=300000.0, script=30000.0}, pageLoadStrategy=normal, platform=ANY, specificationLevel=0.0, moz:accessibilityChecks=false, acceptInsecureCerts=false, browserVersion=54.0.1, platformVersion=10.0, moz:processID=12120.0, browserName=firefox, javascriptEnabled=true, platformName=windows_nt}]
Session ID: 4d886c0d-2cdd-42b7-8747-8cb897bf8c65
at org.openqa.selenium.remote.http.W3CHttpResponseCodec.createException(W3CHttpResponseCodec.java:150)
at org.openqa.selenium.remote.http.W3CHttpResponseCodec.decode(W3CHttpResponseCodec.java:115)
at org.openqa.selenium.remote.http.W3CHttpResponseCodec.decode(W3CHttpResponseCodec.java:45)
at org.openqa.selenium.remote.HttpCommandExecutor.execute(HttpCommandExecutor.java:164)
at org.openqa.selenium.remote.service.DriverCommandExecutor.execute(DriverCommandExecutor.java:82)
at org.openqa.selenium.remote.RemoteWebDriver.execute(RemoteWebDriver.java:637)
at org.openqa.selenium.remote.RemoteWebDriver.execute(RemoteWebDriver.java:694)
at org.openqa.selenium.remote.RemoteWebDriver.quit(RemoteWebDriver.java:533)
at SearchTestCases.BaseClass.closeBrowser(BaseClass.java:184)
... Removed 28 stack frames]]>
    </failure>
  </testcase> <!-- @AfterTest closeBrowser -->
  <testcase name="SRCH_001" time="5.105" classname="SearchTestCases.SRCH_001"/>
</testsuite> <!-- Test -->
